2021-04-14 14:20:33,651 - optim.DiscreteBoundedPSO - INFO - Optimize for 100 iters with {'c1': 0.6, 'c2': 0.3, 'w': 0.4, 'k': 5, 'p': 1}
2021-04-14 14:20:56,176 - optim.DiscreteBoundedPSO - INFO - Optimize for 100 iters with {'c1': 0.6, 'c2': 0.3, 'w': 0.4, 'k': 5, 'p': 1}
2021-04-15 10:10:32,113 - optim.DiscreteBoundedPSO - INFO - Optimize for 100 iters with {'c1': 0.6, 'c2': 0.3, 'w': 0.4, 'k': 5, 'p': 1}
2021-04-15 10:13:00,167 - optim.DiscreteBoundedPSO - INFO - Optimization finished | best cost: 0.002519292654361298, best pos: [0 1 1]
2021-04-20 16:29:51,301 - optim.DiscreteBoundedPSO - INFO - Optimize for 100 iters with {'c1': 0.6, 'c2': 0.3, 'w': 0.4, 'k': 5, 'p': 1}
2021-04-20 16:41:00,733 - optim.DiscreteBoundedPSO - INFO - Optimize for 100 iters with {'c1': 0.6, 'c2': 0.3, 'w': 0.4, 'k': 5, 'p': 1}
2021-11-04 13:44:33,514 - DIM.optim.DiscreteBoundedPSO - INFO - Optimize for 100 iters with {'c1': 0.6, 'c2': 0.3, 'w': 0.4, 'k': 5, 'p': 1}
2021-11-04 13:52:11,690 - DIM.optim.DiscreteBoundedPSO - INFO - Optimize for 100 iters with {'c1': 0.6, 'c2': 0.3, 'w': 0.4, 'k': 5, 'p': 1}
2021-11-04 14:04:29,454 - DIM.optim.DiscreteBoundedPSO - INFO - Optimize for 100 iters with {'c1': 0.6, 'c2': 0.3, 'w': 0.4, 'k': 5, 'p': 1}
2021-11-04 14:05:33,653 - DIM.optim.DiscreteBoundedPSO - INFO - Optimize for 100 iters with {'c1': 0.6, 'c2': 0.3, 'w': 0.4, 'k': 5, 'p': 1}
2021-11-04 14:14:04,648 - DIM.optim.DiscreteBoundedPSO - INFO - Optimize for 100 iters with {'c1': 0.6, 'c2': 0.3, 'w': 0.4, 'k': 5, 'p': 1}
2021-11-04 14:15:31,189 - DIM.optim.DiscreteBoundedPSO - INFO - Optimize for 100 iters with {'c1': 0.6, 'c2': 0.3, 'w': 0.4, 'k': 5, 'p': 1}
2021-11-04 14:19:29,550 - DIM.optim.DiscreteBoundedPSO - INFO - Optimize for 100 iters with {'c1': 0.6, 'c2': 0.3, 'w': 0.4, 'k': 5, 'p': 1}
2021-11-04 14:25:04,416 - DIM.optim.DiscreteBoundedPSO - INFO - Optimize for 100 iters with {'c1': 0.6, 'c2': 0.3, 'w': 0.4, 'k': 5, 'p': 1}
2021-11-04 14:28:25,415 - DIM.optim.DiscreteBoundedPSO - INFO - Optimize for 100 iters with {'c1': 0.6, 'c2': 0.3, 'w': 0.4, 'k': 5, 'p': 1}
2021-11-04 14:37:28,626 - DIM.optim.DiscreteBoundedPSO - INFO - Optimize for 100 iters with {'c1': 0.6, 'c2': 0.3, 'w': 0.4, 'k': 2, 'p': 1}
2021-11-04 14:40:56,386 - DIM.optim.DiscreteBoundedPSO - INFO - Optimization finished | best cost: 1.493205024615184e-06, best pos: [1 1 1]
2021-11-04 15:11:03,441 - DIM.optim.DiscreteBoundedPSO - INFO - Optimize for 100 iters with {'c1': 0.6, 'c2': 0.3, 'w': 0.4, 'k': 2, 'p': 1}
2021-11-04 15:12:32,320 - DIM.optim.DiscreteBoundedPSO - INFO - Optimize for 100 iters with {'c1': 0.6, 'c2': 0.3, 'w': 0.4, 'k': 2, 'p': 1}
2021-11-04 15:58:05,173 - DIM.optim.DiscreteBoundedPSO - INFO - Optimize for 100 iters with {'c1': 0.6, 'c2': 0.3, 'w': 0.4, 'k': 5, 'p': 1}
2021-11-04 16:00:54,108 - DIM.optim.DiscreteBoundedPSO - INFO - Optimize for 100 iters with {'c1': 0.6, 'c2': 0.3, 'w': 0.4, 'k': 5, 'p': 1}
2021-11-04 16:01:44,538 - DIM.optim.DiscreteBoundedPSO - INFO - Optimize for 100 iters with {'c1': 0.6, 'c2': 0.3, 'w': 0.4, 'k': 5, 'p': 1}
2021-11-04 16:22:29,807 - DIM.optim.DiscreteBoundedPSO - INFO - Optimize for 100 iters with {'c1': 0.6, 'c2': 0.3, 'w': 0.4, 'k': 5, 'p': 1}
2021-11-04 16:26:27,586 - DIM.optim.DiscreteBoundedPSO - INFO - Optimize for 100 iters with {'c1': 0.6, 'c2': 0.3, 'w': 0.4, 'k': 5, 'p': 1}
2021-11-04 16:41:58,456 - DIM.optim.DiscreteBoundedPSO - INFO - Optimize for 100 iters with {'c1': 0.6, 'c2': 0.3, 'w': 0.4, 'k': 5, 'p': 1}
2021-11-05 09:20:37,264 - DIM.optim.DiscreteBoundedPSO - INFO - Optimize for 100 iters with {'c1': 0.6, 'c2': 0.3, 'w': 0.4, 'k': 5, 'p': 1}
2021-11-05 09:26:39,203 - DIM.optim.DiscreteBoundedPSO - INFO - Optimize for 100 iters with {'c1': 0.6, 'c2': 0.3, 'w': 0.4, 'k': 5, 'p': 1}
2021-11-05 09:27:36,639 - DIM.optim.DiscreteBoundedPSO - INFO - Optimize for 100 iters with {'c1': 0.6, 'c2': 0.3, 'w': 0.4, 'k': 5, 'p': 1}
2021-11-05 09:30:40,344 - DIM.optim.DiscreteBoundedPSO - INFO - Optimize for 100 iters with {'c1': 0.6, 'c2': 0.3, 'w': 0.4, 'k': 5, 'p': 1}
2021-11-05 09:32:12,935 - DIM.optim.DiscreteBoundedPSO - INFO - Optimize for 100 iters with {'c1': 0.6, 'c2': 0.3, 'w': 0.4, 'k': 5, 'p': 1}
2021-11-05 09:34:13,762 - DIM.optim.DiscreteBoundedPSO - INFO - Optimization finished | best cost: 0.00999999921231394, best pos: [0 1 1 0 0 0]
2021-11-05 09:38:25,278 - DIM.optim.DiscreteBoundedPSO - INFO - Optimize for 100 iters with {'c1': 0.6, 'c2': 0.3, 'w': 0.4, 'k': 5, 'p': 1}
2021-11-05 09:39:18,097 - DIM.optim.DiscreteBoundedPSO - INFO - Optimize for 100 iters with {'c1': 0.6, 'c2': 0.3, 'w': 0.4, 'k': 5, 'p': 1}
2021-11-05 09:41:51,633 - DIM.optim.DiscreteBoundedPSO - INFO - Optimize for 100 iters with {'c1': 0.6, 'c2': 0.3, 'w': 0.4, 'k': 5, 'p': 1}
2021-11-05 09:45:24,171 - DIM.optim.DiscreteBoundedPSO - INFO - Optimize for 100 iters with {'c1': 0.6, 'c2': 0.3, 'w': 0.4, 'k': 5, 'p': 1}
2021-11-05 09:50:03,210 - DIM.optim.DiscreteBoundedPSO - INFO - Optimize for 100 iters with {'c1': 0.6, 'c2': 0.3, 'w': 0.4, 'k': 5, 'p': 1}
2021-11-05 09:54:00,526 - DIM.optim.DiscreteBoundedPSO - INFO - Optimize for 100 iters with {'c1': 0.6, 'c2': 0.3, 'w': 0.4, 'k': 5, 'p': 1}
2021-11-05 14:22:10,048 - DIM.optim.DiscreteBoundedPSO - INFO - Optimize for 100 iters with {'c1': 0.6, 'c2': 0.3, 'w': 0.4, 'k': 5, 'p': 1}
2021-11-05 14:23:34,077 - DIM.optim.DiscreteBoundedPSO - INFO - Optimize for 100 iters with {'c1': 0.6, 'c2': 0.3, 'w': 0.4, 'k': 5, 'p': 1}
2021-11-12 08:52:56,554 - DIM.optim.DiscreteBoundedPSO - INFO - Optimize for 100 iters with {'c1': 0.6, 'c2': 0.3, 'w': 0.4, 'k': 5, 'p': 1}
